TN:
SF:/home/kai/Training/Coverage_AI/src/number_to_string.cpp
FN:15,23,_Z14numberToStringB5cxx11RK11NumberGroup
FN:25,33,_Z20returnNumberVariant1RKNSt7__cxx1112basic_stringIcSt11char_traitsIcESaIcEEEi
FN:35,43,_Z20returnNumberVariant2RKNSt7__cxx1112basic_stringIcSt11char_traitsIcESaIcEEEi
FN:4,4,_ZN11NumberGroupC2EiRKNSt7__cxx1112basic_stringIcSt11char_traitsIcESaIcEEE
FN:44,52,_Z20returnNumberVariant3RKNSt7__cxx1112basic_stringIcSt11char_traitsIcESaIcEEEi
FN:53,61,_Z20returnNumberVariant4RKNSt7__cxx1112basic_stringIcSt11char_traitsIcESaIcEEEi
FN:6,14,_Z14numberToStringB5cxx11i
FN:62,70,_Z20returnNumberVariant5RKNSt7__cxx1112basic_stringIcSt11char_traitsIcESaIcEEEi
FNDA:3,_Z14numberToStringB5cxx11RK11NumberGroup
FNDA:3,_Z20returnNumberVariant1RKNSt7__cxx1112basic_stringIcSt11char_traitsIcESaIcEEEi
FNDA:3,_Z20returnNumberVariant2RKNSt7__cxx1112basic_stringIcSt11char_traitsIcESaIcEEEi
FNDA:3,_ZN11NumberGroupC2EiRKNSt7__cxx1112basic_stringIcSt11char_traitsIcESaIcEEE
FNDA:3,_Z20returnNumberVariant3RKNSt7__cxx1112basic_stringIcSt11char_traitsIcESaIcEEEi
FNDA:3,_Z20returnNumberVariant4RKNSt7__cxx1112basic_stringIcSt11char_traitsIcESaIcEEEi
FNDA:3,_Z14numberToStringB5cxx11i
FNDA:2,_Z20returnNumberVariant5RKNSt7__cxx1112basic_stringIcSt11char_traitsIcESaIcEEEi
FNF:8
FNH:8
DA:4,3
DA:6,3
DA:7,3
DA:8,1
DA:9,2
DA:10,2
DA:12,1
DA:15,3
DA:16,3
DA:17,1
DA:18,2
DA:19,1
DA:21,1
DA:25,3
DA:26,3
DA:27,1
DA:28,2
DA:29,2
DA:31,1
DA:35,3
DA:36,3
DA:37,1
DA:38,2
DA:39,2
DA:41,1
DA:44,3
DA:45,3
DA:46,1
DA:47,2
DA:48,2
DA:50,1
DA:53,3
DA:54,3
DA:55,1
DA:56,2
DA:57,2
DA:59,1
DA:62,2
DA:63,2
DA:64,1
DA:65,1
DA:66,0
DA:68,1
LF:43
LH:42
end_of_record
