TN:
SF:/home/kai/Training/Coverage_AI/src/number_to_string.cpp
FN:15,23,_Z14numberToStringB5cxx11RK11NumberGroup
FN:25,33,_Z20returnNumberVariant1RKNSt7__cxx1112basic_stringIcSt11char_traitsIcESaIcEEEi
FN:35,43,_Z20returnNumberVariant2RKNSt7__cxx1112basic_stringIcSt11char_traitsIcESaIcEEEi
FN:4,4,_ZN11NumberGroupC2EiRKNSt7__cxx1112basic_stringIcSt11char_traitsIcESaIcEEE
FN:44,52,_Z20returnNumberVariant3RKNSt7__cxx1112basic_stringIcSt11char_traitsIcESaIcEEEi
FN:53,61,_Z20returnNumberVariant4RKNSt7__cxx1112basic_stringIcSt11char_traitsIcESaIcEEEi
FN:6,14,_Z14numberToStringB5cxx11i
FN:62,70,_Z20returnNumberVariant5RKNSt7__cxx1112basic_stringIcSt11char_traitsIcESaIcEEEi
FNDA:0,_Z14numberToStringB5cxx11RK11NumberGroup
FNDA:0,_Z20returnNumberVariant1RKNSt7__cxx1112basic_stringIcSt11char_traitsIcESaIcEEEi
FNDA:0,_Z20returnNumberVariant2RKNSt7__cxx1112basic_stringIcSt11char_traitsIcESaIcEEEi
FNDA:0,_ZN11NumberGroupC2EiRKNSt7__cxx1112basic_stringIcSt11char_traitsIcESaIcEEE
FNDA:0,_Z20returnNumberVariant3RKNSt7__cxx1112basic_stringIcSt11char_traitsIcESaIcEEEi
FNDA:0,_Z20returnNumberVariant4RKNSt7__cxx1112basic_stringIcSt11char_traitsIcESaIcEEEi
FNDA:1,_Z14numberToStringB5cxx11i
FNDA:0,_Z20returnNumberVariant5RKNSt7__cxx1112basic_stringIcSt11char_traitsIcESaIcEEEi
FNF:8
FNH:1
DA:4,0
DA:6,1
DA:7,1
DA:8,1
DA:9,0
DA:10,0
DA:12,0
DA:15,0
DA:16,0
DA:17,0
DA:18,0
DA:19,0
DA:21,0
DA:25,0
DA:26,0
DA:27,0
DA:28,0
DA:29,0
DA:31,0
DA:35,0
DA:36,0
DA:37,0
DA:38,0
DA:39,0
DA:41,0
DA:44,0
DA:45,0
DA:46,0
DA:47,0
DA:48,0
DA:50,0
DA:53,0
DA:54,0
DA:55,0
DA:56,0
DA:57,0
DA:59,0
DA:62,0
DA:63,0
DA:64,0
DA:65,0
DA:66,0
DA:68,0
LF:43
LH:3
end_of_record
