TN:
SF:/home/kai/Training/Coverage_AI/src/number_to_string.cpp
FN:15,23,_Z14numberToStringB5cxx11RK11NumberGroup
FN:25,33,_Z20returnNumberVariant1RKNSt7__cxx1112basic_stringIcSt11char_traitsIcESaIcEEEi
FN:35,43,_Z20returnNumberVariant2RKNSt7__cxx1112basic_stringIcSt11char_traitsIcESaIcEEEi
FN:4,4,_ZN11NumberGroupC2EiRKNSt7__cxx1112basic_stringIcSt11char_traitsIcESaIcEEE
FN:44,52,_Z20returnNumberVariant3RKNSt7__cxx1112basic_stringIcSt11char_traitsIcESaIcEEEi
FN:53,61,_Z20returnNumberVariant4RKNSt7__cxx1112basic_stringIcSt11char_traitsIcESaIcEEEi
FN:6,14,_Z14numberToStringB5cxx11i
FN:62,70,_Z20returnNumberVariant5RKNSt7__cxx1112basic_stringIcSt11char_traitsIcESaIcEEEi
FNDA:3,_Z14numberToStringB5cxx11RK11NumberGroup
FNDA:3,_Z20returnNumberVariant1RKNSt7__cxx1112basic_stringIcSt11char_traitsIcESaIcEEEi
FNDA:3,_Z20returnNumberVariant2RKNSt7__cxx1112basic_stringIcSt11char_traitsIcESaIcEEEi
FNDA:3,_ZN11NumberGroupC2EiRKNSt7__cxx1112basic_stringIcSt11char_traitsIcESaIcEEE
FNDA:3,_Z20returnNumberVariant3RKNSt7__cxx1112basic_stringIcSt11char_traitsIcESaIcEEEi
FNDA:3,_Z20returnNumberVariant4RKNSt7__cxx1112basic_stringIcSt11char_traitsIcESaIcEEEi
FNDA:3,_Z14numberToStringB5cxx11i
FNDA:2,_Z20returnNumberVariant5RKNSt7__cxx1112basic_stringIcSt11char_traitsIcESaIcEEEi
FNF:8
FNH:8
DA:4,3
DA:6,3
DA:7,3
DA:8,2
DA:9,2
DA:10,1
DA:12,2
DA:15,3
DA:16,3
DA:17,2
DA:18,2
DA:19,1
DA:21,2
DA:25,3
DA:26,3
DA:27,2
DA:28,2
DA:29,2
DA:31,2
DA:35,3
DA:36,3
DA:37,2
DA:38,2
DA:39,2
DA:41,2
DA:44,3
DA:45,3
DA:46,2
DA:47,2
DA:48,2
DA:50,2
DA:53,3
DA:54,3
DA:55,2
DA:56,2
DA:57,2
DA:59,2
DA:62,2
DA:63,2
DA:64,2
DA:65,1
DA:66,0
DA:68,2
LF:43
LH:42
end_of_record
TN:
SF:/usr/local/include/gtest/gtest-printers.h
FN:1016,1020,_ZN7testing13PrintToStringINSt7__cxx1112basic_stringIcSt11char_traitsIcESaIcEEEEES6_RKT_
FN:1016,1020,_ZN7testing13PrintToStringIPKcEENSt7__cxx1112basic_stringIcSt11char_traitsIcESaIcEEERKT_
FN:333,335,_ZN7testing8internal19FormatForComparisonINSt7__cxx1112basic_stringIcSt11char_traitsIcESaIcEEEA12_cE6FormatERKS7_
FN:333,335,_ZN7testing8internal19FormatForComparisonINSt7__cxx1112basic_stringIcSt11char_traitsIcESaIcEEEA13_cE6FormatERKS7_
FN:333,335,_ZN7testing8internal19FormatForComparisonINSt7__cxx1112basic_stringIcSt11char_traitsIcESaIcEEEA14_cE6FormatERKS7_
FN:333,335,_ZN7testing8internal19FormatForComparisonINSt7__cxx1112basic_stringIcSt11char_traitsIcESaIcEEEA17_cE6FormatERKS7_
FN:333,335,_ZN7testing8internal19FormatForComparisonINSt7__cxx1112basic_stringIcSt11char_traitsIcESaIcEEEA18_cE6FormatERKS7_
FN:333,335,_ZN7testing8internal19FormatForComparisonINSt7__cxx1112basic_stringIcSt11char_traitsIcESaIcEEEA21_cE6FormatERKS7_
FN:333,335,_ZN7testing8internal19FormatForComparisonINSt7__cxx1112basic_stringIcSt11char_traitsIcESaIcEEEA22_cE6FormatERKS7_
FN:333,335,_ZN7testing8internal19FormatForComparisonINSt7__cxx1112basic_stringIcSt11char_traitsIcESaIcEEEA5_cE6FormatERKS7_
FN:342,344,_ZN7testing8internal19FormatForComparisonIA12_cNSt7__cxx1112basic_stringIcSt11char_traitsIcESaIcEEEE6FormatEPKc
FN:342,344,_ZN7testing8internal19FormatForComparisonIA13_cNSt7__cxx1112basic_stringIcSt11char_traitsIcESaIcEEEE6FormatEPKc
FN:342,344,_ZN7testing8internal19FormatForComparisonIA14_cNSt7__cxx1112basic_stringIcSt11char_traitsIcESaIcEEEE6FormatEPKc
FN:342,344,_ZN7testing8internal19FormatForComparisonIA17_cNSt7__cxx1112basic_stringIcSt11char_traitsIcESaIcEEEE6FormatEPKc
FN:342,344,_ZN7testing8internal19FormatForComparisonIA18_cNSt7__cxx1112basic_stringIcSt11char_traitsIcESaIcEEEE6FormatEPKc
FN:342,344,_ZN7testing8internal19FormatForComparisonIA21_cNSt7__cxx1112basic_stringIcSt11char_traitsIcESaIcEEEE6FormatEPKc
FN:342,344,_ZN7testing8internal19FormatForComparisonIA22_cNSt7__cxx1112basic_stringIcSt11char_traitsIcESaIcEEEE6FormatEPKc
FN:342,344,_ZN7testing8internal19FormatForComparisonIA5_cNSt7__cxx1112basic_stringIcSt11char_traitsIcESaIcEEEE6FormatEPKc
FN:387,387,_ZN7testing8internal19FormatForComparisonIPKcNSt7__cxx1112basic_stringIcSt11char_traitsIcESaIcEEEE6FormatES3_
FN:413,416,_ZN7testing8internal33FormatForComparisonFailureMessageIA12_cNSt7__cxx1112basic_stringIcSt11char_traitsIcESaIcEEEEES8_RKT_RKT0_
FN:413,416,_ZN7testing8internal33FormatForComparisonFailureMessageIA13_cNSt7__cxx1112basic_stringIcSt11char_traitsIcESaIcEEEEES8_RKT_RKT0_
FN:413,416,_ZN7testing8internal33FormatForComparisonFailureMessageIA14_cNSt7__cxx1112basic_stringIcSt11char_traitsIcESaIcEEEEES8_RKT_RKT0_
FN:413,416,_ZN7testing8internal33FormatForComparisonFailureMessageIA17_cNSt7__cxx1112basic_stringIcSt11char_traitsIcESaIcEEEEES8_RKT_RKT0_
FN:413,416,_ZN7testing8internal33FormatForComparisonFailureMessageIA18_cNSt7__cxx1112basic_stringIcSt11char_traitsIcESaIcEEEEES8_RKT_RKT0_
FN:413,416,_ZN7testing8internal33FormatForComparisonFailureMessageIA21_cNSt7__cxx1112basic_stringIcSt11char_traitsIcESaIcEEEEES8_RKT_RKT0_
FN:413,416,_ZN7testing8internal33FormatForComparisonFailureMessageIA22_cNSt7__cxx1112basic_stringIcSt11char_traitsIcESaIcEEEEES8_RKT_RKT0_
FN:413,416,_ZN7testing8internal33FormatForComparisonFailureMessageIA5_cNSt7__cxx1112basic_stringIcSt11char_traitsIcESaIcEEEEES8_RKT_RKT0_
FN:413,416,_ZN7testing8internal33FormatForComparisonFailureMessageINSt7__cxx1112basic_stringIcSt11char_traitsIcESaIcEEEA12_cEES7_RKT_RKT0_
FN:413,416,_ZN7testing8internal33FormatForComparisonFailureMessageINSt7__cxx1112basic_stringIcSt11char_traitsIcESaIcEEEA13_cEES7_RKT_RKT0_
FN:413,416,_ZN7testing8internal33FormatForComparisonFailureMessageINSt7__cxx1112basic_stringIcSt11char_traitsIcESaIcEEEA14_cEES7_RKT_RKT0_
FN:413,416,_ZN7testing8internal33FormatForComparisonFailureMessageINSt7__cxx1112basic_stringIcSt11char_traitsIcESaIcEEEA17_cEES7_RKT_RKT0_
FN:413,416,_ZN7testing8internal33FormatForComparisonFailureMessageINSt7__cxx1112basic_stringIcSt11char_traitsIcESaIcEEEA18_cEES7_RKT_RKT0_
FN:413,416,_ZN7testing8internal33FormatForComparisonFailureMessageINSt7__cxx1112basic_stringIcSt11char_traitsIcESaIcEEEA21_cEES7_RKT_RKT0_
FN:413,416,_ZN7testing8internal33FormatForComparisonFailureMessageINSt7__cxx1112basic_stringIcSt11char_traitsIcESaIcEEEA22_cEES7_RKT_RKT0_
FN:413,416,_ZN7testing8internal33FormatForComparisonFailureMessageINSt7__cxx1112basic_stringIcSt11char_traitsIcESaIcEEEA5_cEES7_RKT_RKT0_
FN:549,551,_ZN7testing8internal7PrintToERKNSt7__cxx1112basic_stringIcSt11char_traitsIcESaIcEEEPSo
FN:682,692,_ZN7testing8internal16UniversalPrinterINSt7__cxx1112basic_stringIcSt11char_traitsIcESaIcEEEE5PrintERKS7_PSo
FN:864,866,_ZN7testing8internal21UniversalTersePrinterINSt7__cxx1112basic_stringIcSt11char_traitsIcESaIcEEEE5PrintERKS7_PSo
FN:885,891,_ZN7testing8internal21UniversalTersePrinterIPKcE5PrintES3_PSo
FN:976,981,_ZN7testing8internal14UniversalPrintINSt7__cxx1112basic_stringIcSt11char_traitsIcESaIcEEEEEvRKT_PSo
FNDA:0,_ZN7testing13PrintToStringINSt7__cxx1112basic_stringIcSt11char_traitsIcESaIcEEEEES6_RKT_
FNDA:0,_ZN7testing13PrintToStringIPKcEENSt7__cxx1112basic_stringIcSt11char_traitsIcESaIcEEERKT_
FNDA:0,_ZN7testing8internal19FormatForComparisonINSt7__cxx1112basic_stringIcSt11char_traitsIcESaIcEEEA12_cE6FormatERKS7_
FNDA:0,_ZN7testing8internal19FormatForComparisonINSt7__cxx1112basic_stringIcSt11char_traitsIcESaIcEEEA13_cE6FormatERKS7_
FNDA:0,_ZN7testing8internal19FormatForComparisonINSt7__cxx1112basic_stringIcSt11char_traitsIcESaIcEEEA14_cE6FormatERKS7_
FNDA:0,_ZN7testing8internal19FormatForComparisonINSt7__cxx1112basic_stringIcSt11char_traitsIcESaIcEEEA17_cE6FormatERKS7_
FNDA:0,_ZN7testing8internal19FormatForComparisonINSt7__cxx1112basic_stringIcSt11char_traitsIcESaIcEEEA18_cE6FormatERKS7_
FNDA:0,_ZN7testing8internal19FormatForComparisonINSt7__cxx1112basic_stringIcSt11char_traitsIcESaIcEEEA21_cE6FormatERKS7_
FNDA:0,_ZN7testing8internal19FormatForComparisonINSt7__cxx1112basic_stringIcSt11char_traitsIcESaIcEEEA22_cE6FormatERKS7_
FNDA:0,_ZN7testing8internal19FormatForComparisonINSt7__cxx1112basic_stringIcSt11char_traitsIcESaIcEEEA5_cE6FormatERKS7_
FNDA:0,_ZN7testing8internal19FormatForComparisonIA12_cNSt7__cxx1112basic_stringIcSt11char_traitsIcESaIcEEEE6FormatEPKc
FNDA:0,_ZN7testing8internal19FormatForComparisonIA13_cNSt7__cxx1112basic_stringIcSt11char_traitsIcESaIcEEEE6FormatEPKc
FNDA:0,_ZN7testing8internal19FormatForComparisonIA14_cNSt7__cxx1112basic_stringIcSt11char_traitsIcESaIcEEEE6FormatEPKc
FNDA:0,_ZN7testing8internal19FormatForComparisonIA17_cNSt7__cxx1112basic_stringIcSt11char_traitsIcESaIcEEEE6FormatEPKc
FNDA:0,_ZN7testing8internal19FormatForComparisonIA18_cNSt7__cxx1112basic_stringIcSt11char_traitsIcESaIcEEEE6FormatEPKc
FNDA:0,_ZN7testing8internal19FormatForComparisonIA21_cNSt7__cxx1112basic_stringIcSt11char_traitsIcESaIcEEEE6FormatEPKc
FNDA:0,_ZN7testing8internal19FormatForComparisonIA22_cNSt7__cxx1112basic_stringIcSt11char_traitsIcESaIcEEEE6FormatEPKc
FNDA:0,_ZN7testing8internal19FormatForComparisonIA5_cNSt7__cxx1112basic_stringIcSt11char_traitsIcESaIcEEEE6FormatEPKc
FNDA:0,_ZN7testing8internal19FormatForComparisonIPKcNSt7__cxx1112basic_stringIcSt11char_traitsIcESaIcEEEE6FormatES3_
FNDA:0,_ZN7testing8internal33FormatForComparisonFailureMessageIA12_cNSt7__cxx1112basic_stringIcSt11char_traitsIcESaIcEEEEES8_RKT_RKT0_
FNDA:0,_ZN7testing8internal33FormatForComparisonFailureMessageIA13_cNSt7__cxx1112basic_stringIcSt11char_traitsIcESaIcEEEEES8_RKT_RKT0_
FNDA:0,_ZN7testing8internal33FormatForComparisonFailureMessageIA14_cNSt7__cxx1112basic_stringIcSt11char_traitsIcESaIcEEEEES8_RKT_RKT0_
FNDA:0,_ZN7testing8internal33FormatForComparisonFailureMessageIA17_cNSt7__cxx1112basic_stringIcSt11char_traitsIcESaIcEEEEES8_RKT_RKT0_
FNDA:0,_ZN7testing8internal33FormatForComparisonFailureMessageIA18_cNSt7__cxx1112basic_stringIcSt11char_traitsIcESaIcEEEEES8_RKT_RKT0_
FNDA:0,_ZN7testing8internal33FormatForComparisonFailureMessageIA21_cNSt7__cxx1112basic_stringIcSt11char_traitsIcESaIcEEEEES8_RKT_RKT0_
FNDA:0,_ZN7testing8internal33FormatForComparisonFailureMessageIA22_cNSt7__cxx1112basic_stringIcSt11char_traitsIcESaIcEEEEES8_RKT_RKT0_
FNDA:0,_ZN7testing8internal33FormatForComparisonFailureMessageIA5_cNSt7__cxx1112basic_stringIcSt11char_traitsIcESaIcEEEEES8_RKT_RKT0_
FNDA:0,_ZN7testing8internal33FormatForComparisonFailureMessageINSt7__cxx1112basic_stringIcSt11char_traitsIcESaIcEEEA12_cEES7_RKT_RKT0_
FNDA:0,_ZN7testing8internal33FormatForComparisonFailureMessageINSt7__cxx1112basic_stringIcSt11char_traitsIcESaIcEEEA13_cEES7_RKT_RKT0_
FNDA:0,_ZN7testing8internal33FormatForComparisonFailureMessageINSt7__cxx1112basic_stringIcSt11char_traitsIcESaIcEEEA14_cEES7_RKT_RKT0_
FNDA:0,_ZN7testing8internal33FormatForComparisonFailureMessageINSt7__cxx1112basic_stringIcSt11char_traitsIcESaIcEEEA17_cEES7_RKT_RKT0_
FNDA:0,_ZN7testing8internal33FormatForComparisonFailureMessageINSt7__cxx1112basic_stringIcSt11char_traitsIcESaIcEEEA18_cEES7_RKT_RKT0_
FNDA:0,_ZN7testing8internal33FormatForComparisonFailureMessageINSt7__cxx1112basic_stringIcSt11char_traitsIcESaIcEEEA21_cEES7_RKT_RKT0_
FNDA:0,_ZN7testing8internal33FormatForComparisonFailureMessageINSt7__cxx1112basic_stringIcSt11char_traitsIcESaIcEEEA22_cEES7_RKT_RKT0_
FNDA:0,_ZN7testing8internal33FormatForComparisonFailureMessageINSt7__cxx1112basic_stringIcSt11char_traitsIcESaIcEEEA5_cEES7_RKT_RKT0_
FNDA:0,_ZN7testing8internal7PrintToERKNSt7__cxx1112basic_stringIcSt11char_traitsIcESaIcEEEPSo
FNDA:0,_ZN7testing8internal16UniversalPrinterINSt7__cxx1112basic_stringIcSt11char_traitsIcESaIcEEEE5PrintERKS7_PSo
FNDA:0,_ZN7testing8internal21UniversalTersePrinterINSt7__cxx1112basic_stringIcSt11char_traitsIcESaIcEEEE5PrintERKS7_PSo
FNDA:0,_ZN7testing8internal21UniversalTersePrinterIPKcE5PrintES3_PSo
FNDA:0,_ZN7testing8internal14UniversalPrintINSt7__cxx1112basic_stringIcSt11char_traitsIcESaIcEEEEEvRKT_PSo
FNF:40
FNH:0
DA:333,0
DA:334,0
DA:342,0
DA:343,0
DA:387,0
DA:413,0
DA:415,0
DA:549,0
DA:550,0
DA:551,0
DA:682,0
DA:691,0
DA:692,0
DA:864,0
DA:865,0
DA:866,0
DA:885,0
DA:886,0
DA:887,0
DA:889,0
DA:891,0
DA:976,0
DA:980,0
DA:981,0
DA:1016,0
DA:1017,0
DA:1018,0
DA:1019,0
DA:1020,0
LF:29
LH:0
end_of_record
TN:
SF:/usr/local/include/gtest/gtest.h
FN:1522,1530,_ZN7testing8internal18CmpHelperEQFailureINSt7__cxx1112basic_stringIcSt11char_traitsIcESaIcEEEA12_cEENS_15AssertionResultEPKcSB_RKT_RKT0_
FN:1522,1530,_ZN7testing8internal18CmpHelperEQFailureINSt7__cxx1112basic_stringIcSt11char_traitsIcESaIcEEEA13_cEENS_15AssertionResultEPKcSB_RKT_RKT0_
FN:1522,1530,_ZN7testing8internal18CmpHelperEQFailureINSt7__cxx1112basic_stringIcSt11char_traitsIcESaIcEEEA14_cEENS_15AssertionResultEPKcSB_RKT_RKT0_
FN:1522,1530,_ZN7testing8internal18CmpHelperEQFailureINSt7__cxx1112basic_stringIcSt11char_traitsIcESaIcEEEA17_cEENS_15AssertionResultEPKcSB_RKT_RKT0_
FN:1522,1530,_ZN7testing8internal18CmpHelperEQFailureINSt7__cxx1112basic_stringIcSt11char_traitsIcESaIcEEEA18_cEENS_15AssertionResultEPKcSB_RKT_RKT0_
FN:1522,1530,_ZN7testing8internal18CmpHelperEQFailureINSt7__cxx1112basic_stringIcSt11char_traitsIcESaIcEEEA21_cEENS_15AssertionResultEPKcSB_RKT_RKT0_
FN:1522,1530,_ZN7testing8internal18CmpHelperEQFailureINSt7__cxx1112basic_stringIcSt11char_traitsIcESaIcEEEA22_cEENS_15AssertionResultEPKcSB_RKT_RKT0_
FN:1522,1530,_ZN7testing8internal18CmpHelperEQFailureINSt7__cxx1112basic_stringIcSt11char_traitsIcESaIcEEEA5_cEENS_15AssertionResultEPKcSB_RKT_RKT0_
FN:1541,1550,_ZN7testing8internal11CmpHelperEQINSt7__cxx1112basic_stringIcSt11char_traitsIcESaIcEEEA12_cEENS_15AssertionResultEPKcSB_RKT_RKT0_
FN:1541,1550,_ZN7testing8internal11CmpHelperEQINSt7__cxx1112basic_stringIcSt11char_traitsIcESaIcEEEA13_cEENS_15AssertionResultEPKcSB_RKT_RKT0_
FN:1541,1550,_ZN7testing8internal11CmpHelperEQINSt7__cxx1112basic_stringIcSt11char_traitsIcESaIcEEEA14_cEENS_15AssertionResultEPKcSB_RKT_RKT0_
FN:1541,1550,_ZN7testing8internal11CmpHelperEQINSt7__cxx1112basic_stringIcSt11char_traitsIcESaIcEEEA17_cEENS_15AssertionResultEPKcSB_RKT_RKT0_
FN:1541,1550,_ZN7testing8internal11CmpHelperEQINSt7__cxx1112basic_stringIcSt11char_traitsIcESaIcEEEA18_cEENS_15AssertionResultEPKcSB_RKT_RKT0_
FN:1541,1550,_ZN7testing8internal11CmpHelperEQINSt7__cxx1112basic_stringIcSt11char_traitsIcESaIcEEEA21_cEENS_15AssertionResultEPKcSB_RKT_RKT0_
FN:1541,1550,_ZN7testing8internal11CmpHelperEQINSt7__cxx1112basic_stringIcSt11char_traitsIcESaIcEEEA22_cEENS_15AssertionResultEPKcSB_RKT_RKT0_
FN:1541,1550,_ZN7testing8internal11CmpHelperEQINSt7__cxx1112basic_stringIcSt11char_traitsIcESaIcEEEA5_cEENS_15AssertionResultEPKcSB_RKT_RKT0_
FN:1561,1565,_ZN7testing8internal8EqHelper7CompareINSt7__cxx1112basic_stringIcSt11char_traitsIcESaIcEEEA12_cLPv0EEENS_15AssertionResultEPKcSD_RKT_RKT0_
FN:1561,1565,_ZN7testing8internal8EqHelper7CompareINSt7__cxx1112basic_stringIcSt11char_traitsIcESaIcEEEA13_cLPv0EEENS_15AssertionResultEPKcSD_RKT_RKT0_
FN:1561,1565,_ZN7testing8internal8EqHelper7CompareINSt7__cxx1112basic_stringIcSt11char_traitsIcESaIcEEEA14_cLPv0EEENS_15AssertionResultEPKcSD_RKT_RKT0_
FN:1561,1565,_ZN7testing8internal8EqHelper7CompareINSt7__cxx1112basic_stringIcSt11char_traitsIcESaIcEEEA17_cLPv0EEENS_15AssertionResultEPKcSD_RKT_RKT0_
FN:1561,1565,_ZN7testing8internal8EqHelper7CompareINSt7__cxx1112basic_stringIcSt11char_traitsIcESaIcEEEA18_cLPv0EEENS_15AssertionResultEPKcSD_RKT_RKT0_
FN:1561,1565,_ZN7testing8internal8EqHelper7CompareINSt7__cxx1112basic_stringIcSt11char_traitsIcESaIcEEEA21_cLPv0EEENS_15AssertionResultEPKcSD_RKT_RKT0_
FN:1561,1565,_ZN7testing8internal8EqHelper7CompareINSt7__cxx1112basic_stringIcSt11char_traitsIcESaIcEEEA22_cLPv0EEENS_15AssertionResultEPKcSD_RKT_RKT0_
FN:1561,1565,_ZN7testing8internal8EqHelper7CompareINSt7__cxx1112basic_stringIcSt11char_traitsIcESaIcEEEA5_cLPv0EEENS_15AssertionResultEPKcSD_RKT_RKT0_
FN:2489,2491,_Z13RUN_ALL_TESTSv
FN:324,324,_ZNK7testing15AssertionResultcvbEv
FN:333,335,_ZNK7testing15AssertionResult7messageEv
FN:337,337,_ZNK7testing15AssertionResult15failure_messageEv
FN:427,427,_ZN7testing4Test14SetUpTestSuiteEv
FN:435,435,_ZN7testing4Test17TearDownTestSuiteEv
FN:440,440,_ZN7testing4Test16TearDownTestCaseEv
FN:441,441,_ZN7testing4Test13SetUpTestCaseEv
FN:522,522,_ZN7testing4Test5SetupEv
FNDA:0,_ZN7testing8internal18CmpHelperEQFailureINSt7__cxx1112basic_stringIcSt11char_traitsIcESaIcEEEA12_cEENS_15AssertionResultEPKcSB_RKT_RKT0_
FNDA:0,_ZN7testing8internal18CmpHelperEQFailureINSt7__cxx1112basic_stringIcSt11char_traitsIcESaIcEEEA13_cEENS_15AssertionResultEPKcSB_RKT_RKT0_
FNDA:0,_ZN7testing8internal18CmpHelperEQFailureINSt7__cxx1112basic_stringIcSt11char_traitsIcESaIcEEEA14_cEENS_15AssertionResultEPKcSB_RKT_RKT0_
FNDA:0,_ZN7testing8internal18CmpHelperEQFailureINSt7__cxx1112basic_stringIcSt11char_traitsIcESaIcEEEA17_cEENS_15AssertionResultEPKcSB_RKT_RKT0_
FNDA:0,_ZN7testing8internal18CmpHelperEQFailureINSt7__cxx1112basic_stringIcSt11char_traitsIcESaIcEEEA18_cEENS_15AssertionResultEPKcSB_RKT_RKT0_
FNDA:0,_ZN7testing8internal18CmpHelperEQFailureINSt7__cxx1112basic_stringIcSt11char_traitsIcESaIcEEEA21_cEENS_15AssertionResultEPKcSB_RKT_RKT0_
FNDA:0,_ZN7testing8internal18CmpHelperEQFailureINSt7__cxx1112basic_stringIcSt11char_traitsIcESaIcEEEA22_cEENS_15AssertionResultEPKcSB_RKT_RKT0_
FNDA:0,_ZN7testing8internal18CmpHelperEQFailureINSt7__cxx1112basic_stringIcSt11char_traitsIcESaIcEEEA5_cEENS_15AssertionResultEPKcSB_RKT_RKT0_
FNDA:4,_ZN7testing8internal11CmpHelperEQINSt7__cxx1112basic_stringIcSt11char_traitsIcESaIcEEEA12_cEENS_15AssertionResultEPKcSB_RKT_RKT0_
FNDA:1,_ZN7testing8internal11CmpHelperEQINSt7__cxx1112basic_stringIcSt11char_traitsIcESaIcEEEA13_cEENS_15AssertionResultEPKcSB_RKT_RKT0_
FNDA:2,_ZN7testing8internal11CmpHelperEQINSt7__cxx1112basic_stringIcSt11char_traitsIcESaIcEEEA14_cEENS_15AssertionResultEPKcSB_RKT_RKT0_
FNDA:5,_ZN7testing8internal11CmpHelperEQINSt7__cxx1112basic_stringIcSt11char_traitsIcESaIcEEEA17_cEENS_15AssertionResultEPKcSB_RKT_RKT0_
FNDA:5,_ZN7testing8internal11CmpHelperEQINSt7__cxx1112basic_stringIcSt11char_traitsIcESaIcEEEA18_cEENS_15AssertionResultEPKcSB_RKT_RKT0_
FNDA:1,_ZN7testing8internal11CmpHelperEQINSt7__cxx1112basic_stringIcSt11char_traitsIcESaIcEEEA21_cEENS_15AssertionResultEPKcSB_RKT_RKT0_
FNDA:1,_ZN7testing8internal11CmpHelperEQINSt7__cxx1112basic_stringIcSt11char_traitsIcESaIcEEEA22_cEENS_15AssertionResultEPKcSB_RKT_RKT0_
FNDA:1,_ZN7testing8internal11CmpHelperEQINSt7__cxx1112basic_stringIcSt11char_traitsIcESaIcEEEA5_cEENS_15AssertionResultEPKcSB_RKT_RKT0_
FNDA:4,_ZN7testing8internal8EqHelper7CompareINSt7__cxx1112basic_stringIcSt11char_traitsIcESaIcEEEA12_cLPv0EEENS_15AssertionResultEPKcSD_RKT_RKT0_
FNDA:1,_ZN7testing8internal8EqHelper7CompareINSt7__cxx1112basic_stringIcSt11char_traitsIcESaIcEEEA13_cLPv0EEENS_15AssertionResultEPKcSD_RKT_RKT0_
FNDA:2,_ZN7testing8internal8EqHelper7CompareINSt7__cxx1112basic_stringIcSt11char_traitsIcESaIcEEEA14_cLPv0EEENS_15AssertionResultEPKcSD_RKT_RKT0_
FNDA:5,_ZN7testing8internal8EqHelper7CompareINSt7__cxx1112basic_stringIcSt11char_traitsIcESaIcEEEA17_cLPv0EEENS_15AssertionResultEPKcSD_RKT_RKT0_
FNDA:5,_ZN7testing8internal8EqHelper7CompareINSt7__cxx1112basic_stringIcSt11char_traitsIcESaIcEEEA18_cLPv0EEENS_15AssertionResultEPKcSD_RKT_RKT0_
FNDA:1,_ZN7testing8internal8EqHelper7CompareINSt7__cxx1112basic_stringIcSt11char_traitsIcESaIcEEEA21_cLPv0EEENS_15AssertionResultEPKcSD_RKT_RKT0_
FNDA:1,_ZN7testing8internal8EqHelper7CompareINSt7__cxx1112basic_stringIcSt11char_traitsIcESaIcEEEA22_cLPv0EEENS_15AssertionResultEPKcSD_RKT_RKT0_
FNDA:1,_ZN7testing8internal8EqHelper7CompareINSt7__cxx1112basic_stringIcSt11char_traitsIcESaIcEEEA5_cLPv0EEENS_15AssertionResultEPKcSD_RKT_RKT0_
FNDA:1,_Z13RUN_ALL_TESTSv
FNDA:20,_ZNK7testing15AssertionResultcvbEv
FNDA:0,_ZNK7testing15AssertionResult7messageEv
FNDA:0,_ZNK7testing15AssertionResult15failure_messageEv
FNDA:0,_ZN7testing4Test14SetUpTestSuiteEv
FNDA:0,_ZN7testing4Test17TearDownTestSuiteEv
FNDA:0,_ZN7testing4Test16TearDownTestCaseEv
FNDA:0,_ZN7testing4Test13SetUpTestCaseEv
FNDA:0,_ZN7testing4Test5SetupEv
FNF:33
FNH:18
DA:324,20
DA:333,0
DA:334,0
DA:337,0
DA:427,0
DA:435,0
DA:440,0
DA:441,0
DA:522,0
DA:1522,0
DA:1529,0
DA:1541,20
DA:1545,20
DA:1546,20
DA:1549,0
DA:1561,20
DA:1564,20
DA:2489,1
DA:2490,1
LF:19
LH:8
end_of_record
TN:
SF:/usr/local/include/gtest/internal/gtest-internal.h
FN:454,454,_ZN7testing8internal15TestFactoryBaseD0Ev
FN:454,454,_ZN7testing8internal15TestFactoryBaseD2Ev
FN:461,461,_ZN7testing8internal15TestFactoryBaseC2Ev
FN:472,472,_ZN7testing8internal15TestFactoryImplI30ReturnNumberVariant1_Zero_TestE10CreateTestEv
FN:472,472,_ZN7testing8internal15TestFactoryImplI30ReturnNumberVariant2_Zero_TestE10CreateTestEv
FN:472,472,_ZN7testing8internal15TestFactoryImplI30ReturnNumberVariant3_Zero_TestE10CreateTestEv
FN:472,472,_ZN7testing8internal15TestFactoryImplI30ReturnNumberVariant4_Zero_TestE10CreateTestEv
FN:472,472,_ZN7testing8internal15TestFactoryImplI31NumberToStringInt_Zero_Int_TestE10CreateTestEv
FN:472,472,_ZN7testing8internal15TestFactoryImplI34ReturnNumberVariant1_Negative_TestE10CreateTestEv
FN:472,472,_ZN7testing8internal15TestFactoryImplI34ReturnNumberVariant1_Positive_TestE10CreateTestEv
FN:472,472,_ZN7testing8internal15TestFactoryImplI34ReturnNumberVariant2_Negative_TestE10CreateTestEv
FN:472,472,_ZN7testing8internal15TestFactoryImplI34ReturnNumberVariant2_Positive_TestE10CreateTestEv
FN:472,472,_ZN7testing8internal15TestFactoryImplI34ReturnNumberVariant3_Negative_TestE10CreateTestEv
FN:472,472,_ZN7testing8internal15TestFactoryImplI34ReturnNumberVariant3_Positive_TestE10CreateTestEv
FN:472,472,_ZN7testing8internal15TestFactoryImplI34ReturnNumberVariant4_Negative_TestE10CreateTestEv
FN:472,472,_ZN7testing8internal15TestFactoryImplI34ReturnNumberVariant4_Positive_TestE10CreateTestEv
FN:472,472,_ZN7testing8internal15TestFactoryImplI34ReturnNumberVariant5_Negative_TestE10CreateTestEv
FN:472,472,_ZN7testing8internal15TestFactoryImplI34ReturnNumberVariant5_Positive_TestE10CreateTestEv
FN:472,472,_ZN7testing8internal15TestFactoryImplI35NumberToStringInt_Negative_Int_TestE10CreateTestEv
FN:472,472,_ZN7testing8internal15TestFactoryImplI35NumberToStringInt_Positive_Int_TestE10CreateTestEv
FN:472,472,_ZN7testing8internal15TestFactoryImplI39NumberToStringInt_Zero_GroupObject_TestE10CreateTestEv
FN:472,472,_ZN7testing8internal15TestFactoryImplI43NumberToStringInt_Negative_GroupObject_TestE10CreateTestEv
FN:472,472,_ZN7testing8internal15TestFactoryImplI46NumberToStringObject_Positive_GroupObject_TestE10CreateTestEv
FN:493,494,_ZN7testing8internal12CodeLocationC2ERKNSt7__cxx1112basic_stringIcSt11char_traitsIcESaIcEEEi
FN:506,509,_ZN7testing8internal19GetNotDefaultOrNullEPFvvES2_
FN:521,540,_ZN7testing8internal16SuiteApiResolverINS_4TestEE19GetSetUpCaseOrSuiteEPKci
FN:542,561,_ZN7testing8internal16SuiteApiResolverINS_4TestEE22GetTearDownCaseOrSuiteEPKci
FNDA:0,_ZN7testing8internal15TestFactoryBaseD0Ev
FNDA:20,_ZN7testing8internal15TestFactoryBaseD2Ev
FNDA:20,_ZN7testing8internal15TestFactoryBaseC2Ev
FNDA:1,_ZN7testing8internal15TestFactoryImplI30ReturnNumberVariant1_Zero_TestE10CreateTestEv
FNDA:1,_ZN7testing8internal15TestFactoryImplI30ReturnNumberVariant2_Zero_TestE10CreateTestEv
FNDA:1,_ZN7testing8internal15TestFactoryImplI30ReturnNumberVariant3_Zero_TestE10CreateTestEv
FNDA:1,_ZN7testing8internal15TestFactoryImplI30ReturnNumberVariant4_Zero_TestE10CreateTestEv
FNDA:1,_ZN7testing8internal15TestFactoryImplI31NumberToStringInt_Zero_Int_TestE10CreateTestEv
FNDA:1,_ZN7testing8internal15TestFactoryImplI34ReturnNumberVariant1_Negative_TestE10CreateTestEv
FNDA:1,_ZN7testing8internal15TestFactoryImplI34ReturnNumberVariant1_Positive_TestE10CreateTestEv
FNDA:1,_ZN7testing8internal15TestFactoryImplI34ReturnNumberVariant2_Negative_TestE10CreateTestEv
FNDA:1,_ZN7testing8internal15TestFactoryImplI34ReturnNumberVariant2_Positive_TestE10CreateTestEv
FNDA:1,_ZN7testing8internal15TestFactoryImplI34ReturnNumberVariant3_Negative_TestE10CreateTestEv
FNDA:1,_ZN7testing8internal15TestFactoryImplI34ReturnNumberVariant3_Positive_TestE10CreateTestEv
FNDA:1,_ZN7testing8internal15TestFactoryImplI34ReturnNumberVariant4_Negative_TestE10CreateTestEv
FNDA:1,_ZN7testing8internal15TestFactoryImplI34ReturnNumberVariant4_Positive_TestE10CreateTestEv
FNDA:1,_ZN7testing8internal15TestFactoryImplI34ReturnNumberVariant5_Negative_TestE10CreateTestEv
FNDA:1,_ZN7testing8internal15TestFactoryImplI34ReturnNumberVariant5_Positive_TestE10CreateTestEv
FNDA:1,_ZN7testing8internal15TestFactoryImplI35NumberToStringInt_Negative_Int_TestE10CreateTestEv
FNDA:1,_ZN7testing8internal15TestFactoryImplI35NumberToStringInt_Positive_Int_TestE10CreateTestEv
FNDA:1,_ZN7testing8internal15TestFactoryImplI39NumberToStringInt_Zero_GroupObject_TestE10CreateTestEv
FNDA:1,_ZN7testing8internal15TestFactoryImplI43NumberToStringInt_Negative_GroupObject_TestE10CreateTestEv
FNDA:1,_ZN7testing8internal15TestFactoryImplI46NumberToStringObject_Positive_GroupObject_TestE10CreateTestEv
FNDA:20,_ZN7testing8internal12CodeLocationC2ERKNSt7__cxx1112basic_stringIcSt11char_traitsIcESaIcEEEi
FNDA:80,_ZN7testing8internal19GetNotDefaultOrNullEPFvvES2_
FNDA:20,_ZN7testing8internal16SuiteApiResolverINS_4TestEE19GetSetUpCaseOrSuiteEPKci
FNDA:20,_ZN7testing8internal16SuiteApiResolverINS_4TestEE22GetTearDownCaseOrSuiteEPKci
FNF:27
FNH:26
DA:454,20
DA:461,20
DA:472,20
DA:493,20
DA:494,20
DA:506,80
DA:508,80
DA:521,20
DA:525,20
DA:527,20
DA:529,20
DA:532,0
DA:534,20
DA:542,20
DA:546,20
DA:548,20
DA:550,20
DA:553,0
DA:555,20
LF:19
LH:17
end_of_record
TN:
SF:/usr/local/include/gtest/internal/gtest-port.h
FN:974,974,_ZN7testing8internal8GTestLog9GetStreamEv
FNDA:0,_ZN7testing8internal8GTestLog9GetStreamEv
FNF:1
FNH:0
DA:974,0
LF:1
LH:0
end_of_record
